[0;34m=======================================[0m
[0;34m   Climate Selection Buddy Launcher    [0m
[0;34m=======================================[0m

[0;32m[1/4] Checking Environment...[0m
Using Python 3.13
Using Node v25.2.1

[0;32m[2/4] Setting up Backend...[0m
Virtual environment activated.
Installing requirements...
  error: subprocess-exited-with-error
  
  Ã— Preparing metadata (pyproject.toml) did not run successfully.
  â”‚ exit code: 1
  â•°â”€> [145 lines of output]
      + meson setup /private/var/folders/y0/b8933myn6y976phjbj_5t5j00000gn/T/pip-install-cs6n4542/pandas_e4f29f488289418ca537a3d65460251d /private/var/folders/y0/b8933myn6y976phjbj_5t5j00000gn/T/pip-install-cs6n4542/pandas_e4f29f488289418ca537a3d65460251d/.mesonpy-1d76t2w5/build -Dbuildtype=release -Db_ndebug=if-release -Db_vscrt=md --vsenv --native-file=/private/var/folders/y0/b8933myn6y976phjbj_5t5j00000gn/T/pip-install-cs6n4542/pandas_e4f29f488289418ca537a3d65460251d/.mesonpy-1d76t2w5/build/meson-python-native-file.ini
      The Meson build system
      Version: 1.2.1
      Source dir: /private/var/folders/y0/b8933myn6y976phjbj_5t5j00000gn/T/pip-install-cs6n4542/pandas_e4f29f488289418ca537a3d65460251d
      Build dir: /private/var/folders/y0/b8933myn6y976phjbj_5t5j00000gn/T/pip-install-cs6n4542/pandas_e4f29f488289418ca537a3d65460251d/.mesonpy-1d76t2w5/build
      Build type: native build
      Project name: pandas
      Project version: 2.1.4
      C compiler for the host machine: cc (clang 17.0.0 "Apple clang version 17.0.0 (clang-1700.4.4.1)")
      C linker for the host machine: cc ld64 1230.1
      C++ compiler for the host machine: c++ (clang 17.0.0 "Apple clang version 17.0.0 (clang-1700.4.4.1)")
      C++ linker for the host machine: c++ ld64 1230.1
      Cython compiler for the host machine: cython (cython 0.29.37)
      Host machine cpu family: aarch64
      Host machine cpu: aarch64
      Program python found: YES (/Users/kumarankit/Documents/chatbot/.venv/bin/python3.13)
      Did not find pkg-config by name 'pkg-config'
      Found Pkg-config: NO
      Run-time dependency python found: YES 3.13
      Build targets in project: 53
      
      pandas 2.1.4
      
        User defined options
          Native files: /private/var/folders/y0/b8933myn6y976phjbj_5t5j00000gn/T/pip-install-cs6n4542/pandas_e4f29f488289418ca537a3d65460251d/.mesonpy-1d76t2w5/build/meson-python-native-file.ini
          buildtype   : release
          vsenv       : True
          b_ndebug    : if-release
          b_vscrt     : md
      
      Found ninja-1.13.0.git.kitware.jobserver-pipe-1 at /private/var/folders/y0/b8933myn6y976phjbj_5t5j00000gn/T/pip-build-env-scf400xq/normal/bin/ninja
      
      Visual Studio environment is needed to run Ninja. It is recommended to use Meson wrapper:
      /private/var/folders/y0/b8933myn6y976phjbj_5t5j00000gn/T/pip-build-env-scf400xq/overlay/bin/meson compile -C .
      + /private/var/folders/y0/b8933myn6y976phjbj_5t5j00000gn/T/pip-build-env-scf400xq/normal/bin/ninja
      [1/151] Generating pandas/_libs/index_class_helper_pxi with a custom command
      [2/151] Generating pandas/_libs/algos_common_helper_pxi with a custom command
      [3/151] Generating pandas/_libs/khash_primitive_helper_pxi with a custom command
      [4/151] Generating pandas/_libs/algos_take_helper_pxi with a custom command
      [5/151] Generating pandas/_libs/intervaltree_helper_pxi with a custom command
      [6/151] Generating pandas/_libs/hashtable_func_helper_pxi with a custom command
      [7/151] Generating pandas/_libs/sparse_op_helper_pxi with a custom command
      [8/151] Generating pandas/_libs/hashtable_class_helper_pxi with a custom command
      [9/151] Compiling Cython source /private/var/folders/y0/b8933myn6y976phjbj_5t5j00000gn/T/pip-install-cs6n4542/pandas_e4f29f488289418ca537a3d65460251d/pandas/_libs/tslibs/base.pyx
      [10/151] Compiling Cython source /private/var/folders/y0/b8933myn6y976phjbj_5t5j00000gn/T/pip-install-cs6n4542/pandas_e4f29f488289418ca537a3d65460251d/pandas/_libs/tslibs/ccalendar.pyx
      [11/151] Compiling Cython source /private/var/folders/y0/b8933myn6y976phjbj_5t5j00000gn/T/pip-install-cs6n4542/pandas_e4f29f488289418ca537a3d65460251d/pandas/_libs/tslibs/dtypes.pyx
      [12/151] Compiling Cython source /private/var/folders/y0/b8933myn6y976phjbj_5t5j00000gn/T/pip-install-cs6n4542/pandas_e4f29f488289418ca537a3d65460251d/pandas/_libs/tslibs/np_datetime.pyx
      [13/151] Compiling Cython source /private/var/folders/y0/b8933myn6y976phjbj_5t5j00000gn/T/pip-install-cs6n4542/pandas_e4f29f488289418ca537a3d65460251d/pandas/_libs/tslibs/nattype.pyx
      [14/151] Compiling Cython source /private/var/folders/y0/b8933myn6y976phjbj_5t5j00000gn/T/pip-install-cs6n4542/pandas_e4f29f488289418ca537a3d65460251d/pandas/_libs/tslibs/conversion.pyx
      [15/151] Compiling Cython source /private/var/folders/y0/b8933myn6y976phjbj_5t5j00000gn/T/pip-install-cs6n4542/pandas_e4f29f488289418ca537a3d65460251d/pandas/_libs/tslibs/strptime.pyx
      [16/151] Compiling Cython source /private/var/folders/y0/b8933myn6y976phjbj_5t5j00000gn/T/pip-install-cs6n4542/pandas_e4f29f488289418ca537a3d65460251d/pandas/_libs/tslibs/fields.pyx
      [17/151] Compiling Cython source /private/var/folders/y0/b8933myn6y976phjbj_5t5j00000gn/T/pip-install-cs6n4542/pandas_e4f29f488289418ca537a3d65460251d/pandas/_libs/tslibs/parsing.pyx
      [18/151] Compiling Cython source /private/var/folders/y0/b8933myn6y976phjbj_5t5j00000gn/T/pip-install-cs6n4542/pandas_e4f29f488289418ca537a3d65460251d/pandas/_libs/tslibs/offsets.pyx
      [19/151] Compiling Cython source /private/var/folders/y0/b8933myn6y976phjbj_5t5j00000gn/T/pip-install-cs6n4542/pandas_e4f29f488289418ca537a3d65460251d/pandas/_libs/tslibs/timezones.pyx
      [20/151] Compiling Cython source /private/var/folders/y0/b8933myn6y976phjbj_5t5j00000gn/T/pip-install-cs6n4542/pandas_e4f29f488289418ca537a3d65460251d/pandas/_libs/arrays.pyx
      [21/151] Compiling Cython source /private/var/folders/y0/b8933myn6y976phjbj_5t5j00000gn/T/pip-install-cs6n4542/pandas_e4f29f488289418ca537a3d65460251d/pandas/_libs/tslibs/timedeltas.pyx
      [22/151] Compiling Cython source /private/var/folders/y0/b8933myn6y976phjbj_5t5j00000gn/T/pip-install-cs6n4542/pandas_e4f29f488289418ca537a3d65460251d/pandas/_libs/tslibs/tzconversion.pyx
      [23/151] Compiling Cython source /private/var/folders/y0/b8933myn6y976phjbj_5t5j00000gn/T/pip-install-cs6n4542/pandas_e4f29f488289418ca537a3d65460251d/pandas/_libs/indexing.pyx
      [24/151] Compiling Cython source /private/var/folders/y0/b8933myn6y976phjbj_5t5j00000gn/T/pip-install-cs6n4542/pandas_e4f29f488289418ca537a3d65460251d/pandas/_libs/tslibs/vectorized.pyx
      [25/151] Compiling Cython source /private/var/folders/y0/b8933myn6y976phjbj_5t5j00000gn/T/pip-install-cs6n4542/pandas_e4f29f488289418ca537a3d65460251d/pandas/_libs/tslibs/period.pyx
      [26/151] Compiling Cython source /private/var/folders/y0/b8933myn6y976phjbj_5t5j00000gn/T/pip-install-cs6n4542/pandas_e4f29f488289418ca537a3d65460251d/pandas/_libs/tslibs/timestamps.pyx
      [27/151] Compiling Cython source /private/var/folders/y0/b8933myn6y976phjbj_5t5j00000gn/T/pip-install-cs6n4542/pandas_e4f29f488289418ca537a3d65460251d/pandas/_libs/hashing.pyx
      [28/151] Compiling Cython source /private/var/folders/y0/b8933myn6y976phjbj_5t5j00000gn/T/pip-install-cs6n4542/pandas_e4f29f488289418ca537a3d65460251d/pandas/_libs/missing.pyx
      [29/151] Compiling Cython source /private/var/folders/y0/b8933myn6y976phjbj_5t5j00000gn/T/pip-install-cs6n4542/pandas_e4f29f488289418ca537a3d65460251d/pandas/_libs/ops_dispatch.pyx
      [30/151] Compiling Cython source /private/var/folders/y0/b8933myn6y976phjbj_5t5j00000gn/T/pip-install-cs6n4542/pandas_e4f29f488289418ca537a3d65460251d/pandas/_libs/properties.pyx
      [31/151] Compiling Cython source /private/var/folders/y0/b8933myn6y976phjbj_5t5j00000gn/T/pip-install-cs6n4542/pandas_e4f29f488289418ca537a3d65460251d/pandas/_libs/internals.pyx
      [32/151] Compiling Cython source /private/var/folders/y0/b8933myn6y976phjbj_5t5j00000gn/T/pip-install-cs6n4542/pandas_e4f29f488289418ca537a3d65460251d/pandas/_libs/ops.pyx
      [33/151] Compiling Cython source /private/var/folders/y0/b8933myn6y976phjbj_5t5j00000gn/T/pip-install-cs6n4542/pandas_e4f29f488289418ca537a3d65460251d/pandas/_libs/byteswap.pyx
      [34/151] Compiling Cython source /private/var/folders/y0/b8933myn6y976phjbj_5t5j00000gn/T/pip-install-cs6n4542/pandas_e4f29f488289418ca537a3d65460251d/pandas/_libs/parsers.pyx
      [35/151] Compiling Cython source /private/var/folders/y0/b8933myn6y976phjbj_5t5j00000gn/T/pip-install-cs6n4542/pandas_e4f29f488289418ca537a3d65460251d/pandas/_libs/sas.pyx
      [36/151] Compiling Cython source /private/var/folders/y0/b8933myn6y976phjbj_5t5j00000gn/T/pip-install-cs6n4542/pandas_e4f29f488289418ca537a3d65460251d/pandas/_libs/index.pyx
      [37/151] Compiling Cython source /private/var/folders/y0/b8933myn6y976phjbj_5t5j00000gn/T/pip-install-cs6n4542/pandas_e4f29f488289418ca537a3d65460251d/pandas/_libs/lib.pyx
      [38/151] Compiling Cython source /private/var/folders/y0/b8933myn6y976phjbj_5t5j00000gn/T/pip-install-cs6n4542/pandas_e4f29f488289418ca537a3d65460251d/pandas/_libs/reshape.pyx
      [39/151] Compiling Cython source /private/var/folders/y0/b8933myn6y976phjbj_5t5j00000gn/T/pip-install-cs6n4542/pandas_e4f29f488289418ca537a3d65460251d/pandas/_libs/testing.pyx
      [40/151] Compiling C object pandas/_libs/tslibs/base.cpython-313-darwin.so.p/meson-generated_pandas__libs_tslibs_base.pyx.c.o
      FAILED: [code=1] pandas/_libs/tslibs/base.cpython-313-darwin.so.p/meson-generated_pandas__libs_tslibs_base.pyx.c.o
      cc -Ipandas/_libs/tslibs/base.cpython-313-darwin.so.p -Ipandas/_libs/tslibs -I../../pandas/_libs/tslibs -I../../../../pip-build-env-scf400xq/overlay/lib/python3.13/site-packages/numpy/core/include -I../../pandas/_libs/include -I/Users/kumarankit/.local/share/uv/python/cpython-3.13.9-macos-aarch64-none/include/python3.13 -fvisibility=hidden -fcolor-diagnostics -DNDEBUG -w -std=c99 -O3 -DNPY_NO_DEPRECATED_API=0 -DNPY_TARGET_VERSION=NPY_1_21_API_VERSION -MD -MQ pandas/_libs/tslibs/base.cpython-313-darwin.so.p/meson-generated_pandas__libs_tslibs_base.pyx.c.o -MF pandas/_libs/tslibs/base.cpython-313-darwin.so.p/meson-generated_pandas__libs_tslibs_base.pyx.c.o.d -o pandas/_libs/tslibs/base.cpython-313-darwin.so.p/meson-generated_pandas__libs_tslibs_base.pyx.c.o -c pandas/_libs/tslibs/base.cpython-313-darwin.so.p/pandas/_libs/tslibs/base.pyx.c
      pandas/_libs/tslibs/base.cpython-313-darwin.so.p/pandas/_libs/tslibs/base.pyx.c:5399:70: error: too few arguments to function call, expected 6, have 5
       5397 |                 int ret = _PyLong_AsByteArray((PyLongObject *)v,
            |                           ~~~~~~~~~~~~~~~~~~~
       5398 |                                               bytes, sizeof(val),
       5399 |                                               is_little, !is_unsigned);
            |                                                                      ^
      /Users/kumarankit/.local/share/uv/python/cpython-3.13.9-macos-aarch64-none/include/python3.13/cpython/longobject.h:111:17: note: '_PyLong_AsByteArray' declared here
        111 | PyAPI_FUNC(int) _PyLong_AsByteArray(PyLongObject* v,
            |                 ^                   ~~~~~~~~~~~~~~~~
        112 |     unsigned char* bytes, size_t n,
            |     ~~~~~~~~~~~~~~~~~~~~~~~~~~~~~~~
        113 |     int little_endian, int is_signed, int with_exceptions);
            |     ~~~~~~~~~~~~~~~~~~~~~~~~~~~~~~~~~~~~~~~~~~~~~~~~~~~~~
      pandas/_libs/tslibs/base.cpython-313-darwin.so.p/pandas/_libs/tslibs/base.pyx.c:5633:70: error: too few arguments to function call, expected 6, have 5
       5631 |                 int ret = _PyLong_AsByteArray((PyLongObject *)v,
            |                           ~~~~~~~~~~~~~~~~~~~
       5632 |                                               bytes, sizeof(val),
       5633 |                                               is_little, !is_unsigned);
            |                                                                      ^
      /Users/kumarankit/.local/share/uv/python/cpython-3.13.9-macos-aarch64-none/include/python3.13/cpython/longobject.h:111:17: note: '_PyLong_AsByteArray' declared here
        111 | PyAPI_FUNC(int) _PyLong_AsByteArray(PyLongObject* v,
            |                 ^                   ~~~~~~~~~~~~~~~~
        112 |     unsigned char* bytes, size_t n,
            |     ~~~~~~~~~~~~~~~~~~~~~~~~~~~~~~~
        113 |     int little_endian, int is_signed, int with_exceptions);
            |     ~~~~~~~~~~~~~~~~~~~~~~~~~~~~~~~~~~~~~~~~~~~~~~~~~~~~~
      2 errors generated.
      [41/151] Compiling C object pandas/_libs/tslibs/ccalendar.cpython-313-darwin.so.p/meson-generated_pandas__libs_tslibs_ccalendar.pyx.c.o
      FAILED: [code=1] pandas/_libs/tslibs/ccalendar.cpython-313-darwin.so.p/meson-generated_pandas__libs_tslibs_ccalendar.pyx.c.o
      cc -Ipandas/_libs/tslibs/ccalendar.cpython-313-darwin.so.p -Ipandas/_libs/tslibs -I../../pandas/_libs/tslibs -I../../../../pip-build-env-scf400xq/overlay/lib/python3.13/site-packages/numpy/core/include -I../../pandas/_libs/include -I/Users/kumarankit/.local/share/uv/python/cpython-3.13.9-macos-aarch64-none/include/python3.13 -fvisibility=hidden -fcolor-diagnostics -DNDEBUG -w -std=c99 -O3 -DNPY_NO_DEPRECATED_API=0 -DNPY_TARGET_VERSION=NPY_1_21_API_VERSION -MD -MQ pandas/_libs/tslibs/ccalendar.cpython-313-darwin.so.p/meson-generated_pandas__libs_tslibs_ccalendar.pyx.c.o -MF pandas/_libs/tslibs/ccalendar.cpython-313-darwin.so.p/meson-generated_pandas__libs_tslibs_ccalendar.pyx.c.o.d -o pandas/_libs/tslibs/ccalendar.cpython-313-darwin.so.p/meson-generated_pandas__libs_tslibs_ccalendar.pyx.c.o -c pandas/_libs/tslibs/ccalendar.cpython-313-darwin.so.p/pandas/_libs/tslibs/ccalendar.pyx.c
      pandas/_libs/tslibs/ccalendar.cpython-313-darwin.so.p/pandas/_libs/tslibs/ccalendar.pyx.c:7378:70: error: too few arguments to function call, expected 6, have 5
       7376 |                 int ret = _PyLong_AsByteArray((PyLongObject *)v,
            |                           ~~~~~~~~~~~~~~~~~~~
       7377 |                                               bytes, sizeof(val),
       7378 |                                               is_little, !is_unsigned);
            |                                                                      ^
      /Users/kumarankit/.local/share/uv/python/cpython-3.13.9-macos-aarch64-none/include/python3.13/cpython/longobject.h:111:17: note: '_PyLong_AsByteArray' declared here
        111 | PyAPI_FUNC(int) _PyLong_AsByteArray(PyLongObject* v,
            |                 ^                   ~~~~~~~~~~~~~~~~
        112 |     unsigned char* bytes, size_t n,
            |     ~~~~~~~~~~~~~~~~~~~~~~~~~~~~~~~
        113 |     int little_endian, int is_signed, int with_exceptions);
            |     ~~~~~~~~~~~~~~~~~~~~~~~~~~~~~~~~~~~~~~~~~~~~~~~~~~~~~
      pandas/_libs/tslibs/ccalendar.cpython-313-darwin.so.p/pandas/_libs/tslibs/ccalendar.pyx.c:7688:70: error: too few arguments to function call, expected 6, have 5
       7686 |                 int ret = _PyLong_AsByteArray((PyLongObject *)v,
            |                           ~~~~~~~~~~~~~~~~~~~
       7687 |                                               bytes, sizeof(val),
       7688 |                                               is_little, !is_unsigned);
            |                                                                      ^
      /Users/kumarankit/.local/share/uv/python/cpython-3.13.9-macos-aarch64-none/include/python3.13/cpython/longobject.h:111:17: note: '_PyLong_AsByteArray' declared here
        111 | PyAPI_FUNC(int) _PyLong_AsByteArray(PyLongObject* v,
            |                 ^                   ~~~~~~~~~~~~~~~~
        112 |     unsigned char* bytes, size_t n,
            |     ~~~~~~~~~~~~~~~~~~~~~~~~~~~~~~~
        113 |     int little_endian, int is_signed, int with_exceptions);
            |     ~~~~~~~~~~~~~~~~~~~~~~~~~~~~~~~~~~~~~~~~~~~~~~~~~~~~~
      2 errors generated.
      [42/151] Compiling Cython source /private/var/folders/y0/b8933myn6y976phjbj_5t5j00000gn/T/pip-install-cs6n4542/pandas_e4f29f488289418ca537a3d65460251d/pandas/_libs/interval.pyx
      [43/151] Compiling Cython source /private/var/folders/y0/b8933myn6y976phjbj_5t5j00000gn/T/pip-install-cs6n4542/pandas_e4f29f488289418ca537a3d65460251d/pandas/_libs/tslib.pyx
      [44/151] Compiling Cython source /private/var/folders/y0/b8933myn6y976phjbj_5t5j00000gn/T/pip-install-cs6n4542/pandas_e4f29f488289418ca537a3d65460251d/pandas/_libs/window/indexers.pyx
      [45/151] Compiling Cython source /private/var/folders/y0/b8933myn6y976phjbj_5t5j00000gn/T/pip-install-cs6n4542/pandas_e4f29f488289418ca537a3d65460251d/pandas/_libs/writers.pyx
      [46/151] Compiling Cython source /private/var/folders/y0/b8933myn6y976phjbj_5t5j00000gn/T/pip-install-cs6n4542/pandas_e4f29f488289418ca537a3d65460251d/pandas/_libs/window/aggregations.pyx
      [47/151] Compiling Cython source /private/var/folders/y0/b8933myn6y976phjbj_5t5j00000gn/T/pip-install-cs6n4542/pandas_e4f29f488289418ca537a3d65460251d/pandas/_libs/algos.pyx
      [48/151] Compiling Cython source /private/var/folders/y0/b8933myn6y976phjbj_5t5j00000gn/T/pip-install-cs6n4542/pandas_e4f29f488289418ca537a3d65460251d/pandas/_libs/sparse.pyx
      [49/151] Compiling Cython source /private/var/folders/y0/b8933myn6y976phjbj_5t5j00000gn/T/pip-install-cs6n4542/pandas_e4f29f488289418ca537a3d65460251d/pandas/_libs/hashtable.pyx
      [50/151] Compiling Cython source /private/var/folders/y0/b8933myn6y976phjbj_5t5j00000gn/T/pip-install-cs6n4542/pandas_e4f29f488289418ca537a3d65460251d/pandas/_libs/join.pyx
      [51/151] Compiling Cython source /private/var/folders/y0/b8933myn6y976phjbj_5t5j00000gn/T/pip-install-cs6n4542/pandas_e4f29f488289418ca537a3d65460251d/pandas/_libs/groupby.pyx
      ninja: build stopped: subcommand failed.
      [end of output]
  
  note: This error originates from a subprocess, and is likely not a problem with pip.
error: metadata-generation-failed

Ã— Encountered error while generating package metadata.
â•°â”€> pandas

note: This is an issue with the package mentioned above, not pip.
hint: See above for details.
Collecting flask==3.0.0 (from -r requirements.txt (line 1))
  Using cached flask-3.0.0-py3-none-any.whl.metadata (3.6 kB)
Collecting flask-cors==4.0.0 (from -r requirements.txt (line 2))
  Using cached Flask_Cors-4.0.0-py2.py3-none-any.whl.metadata (5.4 kB)
Collecting python-dotenv==1.0.0 (from -r requirements.txt (line 3))
  Using cached python_dotenv-1.0.0-py3-none-any.whl.metadata (21 kB)
Collecting pandas==2.1.4 (from -r requirements.txt (line 4))
  Using cached pandas-2.1.4.tar.gz (4.3 MB)
  Installing build dependencies: started
  Installing build dependencies: finished with status 'done'
  Getting requirements to build wheel: started
  Getting requirements to build wheel: finished with status 'done'
  Installing backend dependencies: started
  Installing backend dependencies: finished with status 'done'
  Preparing metadata (pyproject.toml): started
  Preparing metadata (pyproject.toml): finished with status 'error'

[0;32m[3/4] Setting up Frontend...[0m

[0;32m[4/4] Launching Services...[0m
Starting Flask Backend (Port 5001)...
Starting React Frontend...
[0;32mServices are running![0m
Backend Logs: tail -f backend.log
Frontend Logs: tail -f frontend.log
Press [0;31mCtrl+C[0m to stop.
start.sh: line 94: 75522 Terminated: 15          python backend/app.py > backend.log 2>&1
start.sh: line 99: syntax error near unexpected token `('
start.sh: line 99: `echo "Starting Flask Backend (Port 5001)..."'
